<?xml version="1.0" encoding="UTF-8"?>
<testsuite name="JUnit Jupiter" tests="21" skipped="0" failures="0" errors="0" time="0.298" hostname="DESKTOP-LS9L5JS" timestamp="2026-09-11T21:48:13">
<properties>
[...]
</properties>
<testcase name="pointsInsideArea(double, double, double)[6]" classname="isaxel.models.CheckPointTest" time="0">
<system-out><![CDATA[
unique-id: [engine:junit-jupiter]/[class:isaxel.models.CheckPointTest]/[test-template:pointsInsideArea(double, double, double)]/[test-template-invocation:#6]
display-name: (0; -3), R=3 -> внутри
]]></system-out>
</testcase>
<testcase name="pointsOutsideArea(double, double, double)[5]" classname="isaxel.models.CheckPointTest" time="0.001">
<system-out><![CDATA[
unique-id: [engine:junit-jupiter]/[class:isaxel.models.CheckPointTest]/[test-template:pointsOutsideArea(double, double, double)]/[test-template-invocation:#5]
display-name: (1.6; 3), R=3 -> снаружи
]]></system-out>
</testcase>
<testcase name="describeOutsidePoint()" classname="isaxel.MainTest" time="0.002">
<system-out><![CDATA[
unique-id: [engine:junit-jupiter]/[class:isaxel.MainTest]/[method:describeOutsidePoint()]
display-name: Описание результата для точки вне области
]]></system-out>
</testcase>
<testcase name="pointsInsideArea(double, double, double)[5]" classname="isaxel.models.CheckPointTest" time="0.001">
<system-out><![CDATA[
unique-id: [engine:junit-jupiter]/[class:isaxel.models.CheckPointTest]/[test-template:pointsInsideArea(double, double, double)]/[test-template-invocation:#5]
display-name: (0.5; -1), R=3 -> внутри
]]></system-out>
</testcase>
<testcase name="pointsOutsideArea(double, double, double)[4]" classname="isaxel.models.CheckPointTest" time="0.001">
<system-out><![CDATA[
unique-id: [engine:junit-jupiter]/[class:isaxel.models.CheckPointTest]/[test-template:pointsOutsideArea(double, double, double)]/[test-template-invocation:#4]
display-name: (-1; -1), R=3 -> снаружи
]]></system-out>
</testcase>
<testcase name="calculateFillsMetadata()" classname="isaxel.models.CheckPointTest" time="0.001">
<system-out><![CDATA[
unique-id: [engine:junit-jupiter]/[class:isaxel.models.CheckPointTest]/[method:calculateFillsMetadata()]
display-name: calculate() проставляет время и метку времени
]]></system-out>
</testcase>
<testcase name="pointsInsideArea(double, double, double)[4]" classname="isaxel.models.CheckPointTest" time="0.001">
<system-out><![CDATA[
unique-id: [engine:junit-jupiter]/[class:isaxel.models.CheckPointTest]/[test-template:pointsInsideArea(double, double, double)]/[test-template-invocation:#4]
display-name: (1.5; 3), R=3 -> внутри
]]></system-out>
</testcase>
<testcase name="pointsOutsideArea(double, double, double)[3]" classname="isaxel.models.CheckPointTest" time="0">
<system-out><![CDATA[
unique-id: [engine:junit-jupiter]/[class:isaxel.models.CheckPointTest]/[test-template:pointsOutsideArea(double, double, double)]/[test-template-invocation:#3]
display-name: (2; -1), R=3 -> снаружи
]]></system-out>
</testcase>
<testcase name="describeInRussian()" classname="isaxel.MainTest" time="0.018">
<system-out><![CDATA[
unique-id: [engine:junit-jupiter]/[class:isaxel.MainTest]/[method:describeInRussian()]
display-name: Русская локаль подставляется в результат
]]></system-out>
</testcase>
<testcase name="pointsInsideArea(double, double, double)[3]" classname="isaxel.models.CheckPointTest" time="0.001">
<system-out><![CDATA[
unique-id: [engine:junit-jupiter]/[class:isaxel.models.CheckPointTest]/[test-template:pointsInsideArea(double, double, double)]/[test-template-invocation:#3]
display-name: (1; 2), R=3 -> внутри
]]></system-out>
</testcase>
<testcase name="pointsOutsideArea(double, double, double)[2]" classname="isaxel.models.CheckPointTest" time="0.001">
<system-out><![CDATA[
unique-id: [engine:junit-jupiter]/[class:isaxel.models.CheckPointTest]/[test-template:pointsOutsideArea(double, double, double)]/[test-template-invocation:#2]
display-name: (2; 2), R=3 -> снаружи
]]></system-out>
</testcase>
<testcase name="pointsOutsideArea(double, double, double)[1]" classname="isaxel.models.CheckPointTest" time="0.002">
<system-out><![CDATA[
unique-id: [engine:junit-jupiter]/[class:isaxel.models.CheckPointTest]/[test-template:pointsOutsideArea(double, double, double)]/[test-template-invocation:#1]
display-name: (-3; 3), R=3 -> снаружи
]]></system-out>
</testcase>
<testcase name="describeInsidePoint()" classname="isaxel.MainTest" time="0.002">
<system-out><![CDATA[
unique-id: [engine:junit-jupiter]/[class:isaxel.MainTest]/[method:describeInsidePoint()]
display-name: Описание результата для точки внутри области
]]></system-out>
</testcase>
<testcase name="russianBundleIsLoaded()" classname="isaxel.i18n.MessagesTest" time="0.01">
<system-out><![CDATA[
unique-id: [engine:junit-jupiter]/[class:isaxel.i18n.MessagesTest]/[method:russianBundleIsLoaded()]
display-name: Русская локаль читается из messages_ru.properties
]]></system-out>
</testcase>
<testcase name="defaultBundleIsLoaded()" classname="isaxel.i18n.MessagesTest" time="0.001">
<system-out><![CDATA[
unique-id: [engine:junit-jupiter]/[class:isaxel.i18n.MessagesTest]/[method:defaultBundleIsLoaded()]
display-name: Значения по умолчанию читаются из messages.properties
]]></system-out>
</testcase>
<testcase name="originIsInside()" classname="isaxel.models.CheckPointTest" time="0">
<system-out><![CDATA[
unique-id: [engine:junit-jupiter]/[class:isaxel.models.CheckPointTest]/[method:originIsInside()]
display-name: Точка (0;0) принадлежит области при любом R
]]></system-out>
</testcase>
<testcase name="constructorKeepsArguments()" classname="isaxel.models.CheckPointTest" time="0">
<system-out><![CDATA[
unique-id: [engine:junit-jupiter]/[class:isaxel.models.CheckPointTest]/[method:constructorKeepsArguments()]
display-name: Конструктор сохраняет параметры точки
]]></system-out>
</testcase>
<testcase name="formatSubstitutesArguments()" classname="isaxel.i18n.MessagesTest" time="0.058">
<system-out><![CDATA[
unique-id: [engine:junit-jupiter]/[class:isaxel.i18n.MessagesTest]/[method:formatSubstitutesArguments()]
display-name: Подстановка параметров в локализованную строку
]]></system-out>
</testcase>
<testcase name="technicalKeysAreInherited()" classname="isaxel.i18n.MessagesTest" time="0.001">
<system-out><![CDATA[
unique-id: [engine:junit-jupiter]/[class:isaxel.i18n.MessagesTest]/[method:technicalKeysAreInherited()]
display-name: Отсутствующие в ru-файле ключи наследуются из файла по умолчанию
]]></system-out>
</testcase>
<testcase name="pointsInsideArea(double, double, double)[2]" classname="isaxel.models.CheckPointTest" time="0.002">
<system-out><![CDATA[
unique-id: [engine:junit-jupiter]/[class:isaxel.models.CheckPointTest]/[test-template:pointsInsideArea(double, double, double)]/[test-template-invocation:#2]
display-name: (-2; 2), R=3 -> внутри
]]></system-out>
</testcase>
<testcase name="pointsInsideArea(double, double, double)[1]" classname="isaxel.models.CheckPointTest" time="0.026">
<system-out><![CDATA[
unique-id: [engine:junit-jupiter]/[class:isaxel.models.CheckPointTest]/[test-template:pointsInsideArea(double, double, double)]/[test-template-invocation:#1]
display-name: (-1; 1), R=3 -> внутри
]]></system-out>
</testcase>
<system-out><![CDATA[
unique-id: [engine:junit-jupiter]
display-name: JUnit Jupiter
]]></system-out>
</testsuite>
